2024-12-21 09:14:12,463 - INFO - ==================================================
2024-12-21 09:14:12,463 - INFO - Starting new visualization run
2024-12-21 09:14:13,796 - INFO - Starting game analysis for user: tyrange
2024-12-21 09:14:14,017 - INFO - Loading data for tyrange
2024-12-21 09:14:14,033 - INFO - Loaded 566 games
2024-12-21 09:14:14,033 - INFO - Processing data...
2024-12-21 09:14:14,034 - INFO - Starting fight analysis...
2024-12-21 09:14:14,094 - INFO - Starting game length analysis...
2024-12-21 09:14:14,636 - INFO - Game length analysis visualization complete
2024-12-21 09:14:14,636 - INFO - Completed fight analysis
2024-12-21 09:14:14,636 - INFO - Starting white opening analysis...
2024-12-21 09:14:15,920 - INFO - Completed white opening analysis
2024-12-21 09:14:15,921 - INFO - Starting black opening analysis...
2024-12-21 09:14:17,091 - INFO - Completed black opening analysis
2024-12-21 09:14:17,092 - INFO - Starting top 3 first moves...
2024-12-21 09:14:17,129 - INFO - Creating top 3 first moves visualization...
2024-12-21 09:14:17,935 - INFO - Top 3 first moves visualization complete
2024-12-21 09:14:17,936 - INFO - Completed top 3 first moves
2024-12-21 09:14:17,936 - INFO - Starting rating progress...
2024-12-21 09:14:17,971 - INFO - Creating rating ladder visualization...
2024-12-21 09:14:18,438 - INFO - Rating ladder visualization complete
2024-12-21 09:14:18,438 - INFO - Completed rating progress
2024-12-21 09:14:18,438 - INFO - Starting time control statistics...
2024-12-21 09:14:18,474 - INFO - Creating time control statistics visualization...
2024-12-21 09:14:19,374 - INFO - Time control statistics visualization complete
2024-12-21 09:14:19,374 - INFO - Completed time control statistics
2024-12-21 09:14:19,374 - INFO - Starting opening success analysis...
2024-12-21 09:14:19,411 - INFO - Creating opening success visualization...
2024-12-21 09:14:20,436 - INFO - Opening success visualization complete
2024-12-21 09:14:20,436 - INFO - Completed opening success analysis
2024-12-21 09:14:20,436 - INFO - Starting opening correlation analysis...
2024-12-21 09:14:20,476 - INFO - Creating opening correlation visualization...
2024-12-21 09:14:21,421 - INFO - Opening correlation visualization complete
2024-12-21 09:14:21,422 - INFO - Completed opening correlation analysis
2024-12-21 09:14:21,422 - INFO - Starting color results...
2024-12-21 09:14:21,466 - INFO - Creating color results visualizations...
2024-12-21 09:14:21,976 - INFO - Color results visualizations complete
2024-12-21 09:14:21,977 - INFO - Completed color results
2024-12-21 09:14:21,977 - INFO - Starting top 5 openings analysis...
2024-12-21 09:14:22,015 - INFO - Creating top 5 openings analysis...
2024-12-21 09:14:22,538 - INFO - Top 5 openings analysis complete
2024-12-21 09:14:22,539 - INFO - Completed top 5 openings analysis
2024-12-21 09:14:22,539 - INFO - Starting overall results...
2024-12-21 09:14:22,576 - INFO - Creating overall results visualization...
2024-12-21 09:14:23,345 - INFO - Overall results visualization complete
2024-12-21 09:14:23,346 - INFO - Completed overall results
2024-12-21 09:14:23,346 - INFO - Starting starting squares as white...
2024-12-21 09:14:23,718 - INFO - Completed starting squares as white
2024-12-21 09:14:23,718 - INFO - Starting landing squares as white...
2024-12-21 09:14:24,086 - INFO - Completed landing squares as white
2024-12-21 09:14:24,086 - INFO - Starting starting squares as black...
2024-12-21 09:14:24,462 - INFO - Completed starting squares as black
2024-12-21 09:14:24,462 - INFO - Starting landing squares as black...
2024-12-21 09:14:24,838 - INFO - Completed landing squares as black
2024-12-21 09:14:24,838 - INFO - Starting combined heatmaps...
2024-12-21 09:14:24,878 - INFO - Creating combined heatmap visualizations...
2024-12-21 09:14:34,882 - INFO - Combined heatmap visualizations complete
2024-12-21 09:14:34,903 - INFO - Completed combined heatmaps
2024-12-21 09:14:34,903 - INFO - 
Visualization Summary:
2024-12-21 09:14:34,903 - INFO - Successfully completed: 16
2024-12-21 09:15:17,617 - INFO - ==================================================
2024-12-21 09:15:17,617 - INFO - Starting new visualization run
2024-12-21 09:15:18,836 - INFO - Starting game analysis for user: tyrange
2024-12-21 09:15:19,081 - INFO - Loading data for tyrange
2024-12-21 09:15:19,097 - INFO - Loaded 566 games
2024-12-21 09:15:19,097 - INFO - Processing data...
2024-12-21 09:15:19,098 - INFO - Starting fight analysis...
2024-12-21 09:15:19,151 - INFO - Starting game length analysis...
2024-12-21 09:15:19,650 - INFO - Game length analysis visualization complete
2024-12-21 09:15:19,650 - INFO - Completed fight analysis
2024-12-21 09:15:19,650 - INFO - Starting white opening analysis...
2024-12-21 09:15:21,520 - INFO - Completed white opening analysis
2024-12-21 09:15:21,520 - INFO - Starting black opening analysis...
2024-12-21 09:15:22,646 - INFO - Completed black opening analysis
2024-12-21 09:15:22,646 - INFO - Starting top 3 first moves...
2024-12-21 09:15:22,681 - INFO - Creating top 3 first moves visualization...
2024-12-21 09:15:22,923 - INFO - Top 3 first moves visualization complete
2024-12-21 09:15:22,923 - INFO - Completed top 3 first moves
2024-12-21 09:15:22,923 - INFO - Starting rating progress...
2024-12-21 09:15:22,959 - INFO - Creating rating ladder visualization...
2024-12-21 09:15:23,420 - INFO - Rating ladder visualization complete
2024-12-21 09:15:23,420 - INFO - Completed rating progress
2024-12-21 09:15:23,420 - INFO - Starting time control statistics...
2024-12-21 09:15:23,454 - INFO - Creating time control statistics visualization...
2024-12-21 09:15:24,167 - INFO - Time control statistics visualization complete
2024-12-21 09:15:24,168 - INFO - Completed time control statistics
2024-12-21 09:15:24,168 - INFO - Starting opening success analysis...
2024-12-21 09:15:24,207 - INFO - Creating opening success visualization...
2024-12-21 09:15:25,223 - INFO - Opening success visualization complete
2024-12-21 09:15:25,223 - INFO - Completed opening success analysis
2024-12-21 09:15:25,223 - INFO - Starting opening correlation analysis...
2024-12-21 09:15:25,259 - INFO - Creating opening correlation visualization...
2024-12-21 09:15:26,532 - INFO - Opening correlation visualization complete
2024-12-21 09:15:26,532 - INFO - Completed opening correlation analysis
2024-12-21 09:15:26,532 - INFO - Starting color results...
2024-12-21 09:15:26,570 - INFO - Creating color results visualizations...
2024-12-21 09:15:27,059 - INFO - Color results visualizations complete
2024-12-21 09:15:27,059 - INFO - Completed color results
2024-12-21 09:15:27,059 - INFO - Starting top 5 openings analysis...
2024-12-21 09:15:27,095 - INFO - Creating top 5 openings analysis...
2024-12-21 09:15:27,624 - INFO - Top 5 openings analysis complete
2024-12-21 09:15:27,624 - INFO - Completed top 5 openings analysis
2024-12-21 09:15:27,624 - INFO - Starting overall results...
2024-12-21 09:15:27,665 - INFO - Creating overall results visualization...
2024-12-21 09:15:28,360 - INFO - Overall results visualization complete
2024-12-21 09:15:28,360 - INFO - Completed overall results
2024-12-21 09:15:28,360 - INFO - Starting starting squares as white...
2024-12-21 09:15:28,722 - INFO - Completed starting squares as white
2024-12-21 09:15:28,722 - INFO - Starting landing squares as white...
2024-12-21 09:15:29,083 - INFO - Completed landing squares as white
2024-12-21 09:15:29,084 - INFO - Starting starting squares as black...
2024-12-21 09:15:29,454 - INFO - Completed starting squares as black
2024-12-21 09:15:29,454 - INFO - Starting landing squares as black...
2024-12-21 09:15:29,822 - INFO - Completed landing squares as black
2024-12-21 09:15:29,822 - INFO - Starting combined heatmaps...
2024-12-21 09:15:29,861 - INFO - Creating combined heatmap visualizations...
2024-12-21 09:15:38,423 - INFO - Combined heatmap visualizations complete
2024-12-21 09:15:38,442 - INFO - Completed combined heatmaps
2024-12-21 09:15:38,442 - INFO - 
Visualization Summary:
2024-12-21 09:15:38,442 - INFO - Successfully completed: 16
2024-12-21 09:17:29,038 - INFO - ==================================================
2024-12-21 09:17:29,039 - INFO - Starting new visualization run
2024-12-21 09:17:30,244 - INFO - Starting game analysis for user: tyrange
2024-12-21 09:17:30,477 - INFO - Loading data for tyrange
2024-12-21 09:17:30,492 - INFO - Loaded 566 games
2024-12-21 09:17:30,492 - INFO - Processing data...
2024-12-21 09:17:30,493 - INFO - Starting fight analysis...
2024-12-21 09:17:30,538 - INFO - Starting game length analysis...
2024-12-21 09:17:31,026 - INFO - Game length analysis visualization complete
2024-12-21 09:17:31,026 - INFO - Completed fight analysis
2024-12-21 09:17:31,026 - INFO - Starting white opening analysis...
2024-12-21 09:17:32,549 - INFO - Completed white opening analysis
2024-12-21 09:17:32,549 - INFO - Starting black opening analysis...
2024-12-21 09:17:33,693 - INFO - Completed black opening analysis
2024-12-21 09:17:33,693 - INFO - Starting top 3 first moves...
2024-12-21 09:17:33,729 - INFO - Creating top 3 first moves visualization...
2024-12-21 09:17:33,976 - INFO - Top 3 first moves visualization complete
2024-12-21 09:17:33,976 - INFO - Completed top 3 first moves
2024-12-21 09:17:33,976 - INFO - Starting rating progress...
2024-12-21 09:17:34,013 - INFO - Creating rating ladder visualization...
2024-12-21 09:17:34,492 - INFO - Rating ladder visualization complete
2024-12-21 09:17:34,492 - INFO - Completed rating progress
2024-12-21 09:17:34,492 - INFO - Starting time control distribution...
2024-12-21 09:17:34,528 - INFO - Creating time control distribution...
2024-12-21 09:17:34,856 - INFO - Time control visualization complete
2024-12-21 09:17:34,856 - INFO - Completed time control distribution
2024-12-21 09:17:34,856 - INFO - Starting color results...
2024-12-21 09:17:34,893 - INFO - Creating color results visualizations...
2024-12-21 09:17:35,399 - INFO - Color results visualizations complete
2024-12-21 09:17:35,399 - INFO - Completed color results
2024-12-21 09:17:35,399 - INFO - Starting top 5 openings analysis...
2024-12-21 09:17:35,435 - INFO - Creating top 5 openings analysis...
2024-12-21 09:17:36,001 - INFO - Top 5 openings analysis complete
2024-12-21 09:17:36,001 - INFO - Completed top 5 openings analysis
2024-12-21 09:17:36,001 - INFO - Starting overall results...
2024-12-21 09:17:36,039 - INFO - Creating overall results visualization...
2024-12-21 09:17:36,751 - INFO - Overall results visualization complete
2024-12-21 09:17:36,751 - INFO - Completed overall results
2024-12-21 09:17:36,751 - INFO - Starting starting squares as white...
2024-12-21 09:17:37,139 - INFO - Completed starting squares as white
2024-12-21 09:17:37,139 - INFO - Starting landing squares as white...
2024-12-21 09:17:37,508 - INFO - Completed landing squares as white
2024-12-21 09:17:37,508 - INFO - Starting starting squares as black...
2024-12-21 09:17:37,887 - INFO - Completed starting squares as black
2024-12-21 09:17:37,888 - INFO - Starting landing squares as black...
2024-12-21 09:17:38,264 - INFO - Completed landing squares as black
2024-12-21 09:17:38,264 - INFO - Starting combined heatmaps...
2024-12-21 09:17:38,309 - INFO - Creating combined heatmap visualizations...
2024-12-21 09:17:46,648 - INFO - Combined heatmap visualizations complete
2024-12-21 09:17:46,666 - INFO - Completed combined heatmaps
2024-12-21 09:17:46,666 - INFO - 
Visualization Summary:
2024-12-21 09:17:46,667 - INFO - Successfully completed: 14
2024-12-21 09:23:35,996 - INFO - ==================================================
2024-12-21 09:23:35,996 - INFO - Starting new visualization run
2024-12-21 09:23:37,217 - INFO - Starting game analysis for user: tyrange
2024-12-21 09:23:37,429 - INFO - Loading data for tyrange
2024-12-21 09:23:37,443 - INFO - Loaded 566 games
2024-12-21 09:23:37,443 - INFO - Processing data...
2024-12-21 09:23:37,444 - INFO - Starting fight analysis...
2024-12-21 09:23:37,492 - INFO - Starting game length analysis...
2024-12-21 09:23:38,009 - INFO - Game length analysis visualization complete
2024-12-21 09:23:38,120 - INFO - Completed fight analysis
2024-12-21 09:23:38,120 - INFO - Starting white opening analysis...
2024-12-21 09:23:39,245 - INFO - Completed white opening analysis
2024-12-21 09:23:39,246 - INFO - Starting black opening analysis...
2024-12-21 09:23:40,370 - INFO - Completed black opening analysis
2024-12-21 09:23:40,370 - INFO - Starting top 3 first moves...
2024-12-21 09:23:40,406 - INFO - Creating top 3 first moves visualization...
2024-12-21 09:23:40,646 - INFO - Top 3 first moves visualization complete
2024-12-21 09:23:40,646 - INFO - Completed top 3 first moves
2024-12-21 09:23:40,646 - INFO - Starting rating progress...
2024-12-21 09:23:40,680 - INFO - Creating rating ladder visualization...
2024-12-21 09:23:41,156 - INFO - Rating ladder visualization complete
2024-12-21 09:23:41,156 - INFO - Completed rating progress
2024-12-21 09:23:41,156 - INFO - Starting time control distribution...
2024-12-21 09:23:41,193 - INFO - Creating time control distribution...
2024-12-21 09:23:41,521 - INFO - Time control visualization complete
2024-12-21 09:23:41,521 - INFO - Completed time control distribution
2024-12-21 09:23:41,521 - INFO - Starting color results...
2024-12-21 09:23:41,557 - INFO - Creating color results visualizations...
2024-12-21 09:23:42,054 - INFO - Color results visualizations complete
2024-12-21 09:23:42,054 - INFO - Completed color results
2024-12-21 09:23:42,054 - INFO - Starting top 5 openings analysis...
2024-12-21 09:23:42,089 - INFO - Creating top 5 openings analysis...
2024-12-21 09:23:42,609 - INFO - Top 5 openings analysis complete
2024-12-21 09:23:42,609 - INFO - Completed top 5 openings analysis
2024-12-21 09:23:42,609 - INFO - Starting overall results...
2024-12-21 09:23:42,648 - INFO - Creating overall results visualization...
2024-12-21 09:23:43,336 - INFO - Overall results visualization complete
2024-12-21 09:23:43,336 - INFO - Completed overall results
2024-12-21 09:23:43,336 - INFO - Starting starting squares as white...
2024-12-21 09:23:43,700 - INFO - Completed starting squares as white
2024-12-21 09:23:43,701 - INFO - Starting landing squares as white...
2024-12-21 09:23:44,065 - INFO - Completed landing squares as white
2024-12-21 09:23:44,065 - INFO - Starting starting squares as black...
2024-12-21 09:23:44,434 - INFO - Completed starting squares as black
2024-12-21 09:23:44,434 - INFO - Starting landing squares as black...
2024-12-21 09:23:44,801 - INFO - Completed landing squares as black
2024-12-21 09:23:44,801 - INFO - Starting combined heatmaps...
2024-12-21 09:23:44,838 - INFO - Creating combined heatmap visualizations...
2024-12-21 09:23:54,308 - INFO - Combined heatmap visualizations complete
2024-12-21 09:23:54,325 - INFO - Completed combined heatmaps
2024-12-21 09:23:54,325 - INFO - 
Visualization Summary:
2024-12-21 09:23:54,325 - INFO - Successfully completed: 14
2024-12-21 09:24:31,361 - INFO - ==================================================
2024-12-21 09:24:31,361 - INFO - Starting new visualization run
2024-12-21 09:24:32,536 - INFO - Starting game analysis for user: sudesh2911
2024-12-21 09:24:32,759 - INFO - Loading data for sudesh2911
2024-12-21 09:24:32,764 - INFO - Loaded 16 games
2024-12-21 09:24:32,764 - INFO - Processing data...
2024-12-21 09:24:32,765 - INFO - Starting fight analysis...
2024-12-21 09:24:32,822 - INFO - Starting game length analysis...
2024-12-21 09:24:33,335 - INFO - Game length analysis visualization complete
2024-12-21 09:24:33,335 - INFO - Completed fight analysis
2024-12-21 09:24:33,335 - INFO - Starting white opening analysis...
2024-12-21 09:24:34,238 - INFO - Completed white opening analysis
2024-12-21 09:24:34,238 - INFO - Starting black opening analysis...
2024-12-21 09:24:35,177 - INFO - Completed black opening analysis
2024-12-21 09:24:35,177 - INFO - Starting top 3 first moves...
2024-12-21 09:24:35,214 - INFO - Creating top 3 first moves visualization...
2024-12-21 09:24:35,569 - INFO - Top 3 first moves visualization complete
2024-12-21 09:24:35,569 - INFO - Completed top 3 first moves
2024-12-21 09:24:35,569 - INFO - Starting rating progress...
2024-12-21 09:24:35,604 - INFO - Creating rating ladder visualization...
2024-12-21 09:24:36,024 - INFO - Rating ladder visualization complete
2024-12-21 09:24:36,024 - INFO - Completed rating progress
2024-12-21 09:24:36,024 - INFO - Starting time control distribution...
2024-12-21 09:24:36,060 - INFO - Creating time control distribution...
2024-12-21 09:24:36,422 - INFO - Time control visualization complete
2024-12-21 09:24:36,422 - INFO - Completed time control distribution
2024-12-21 09:24:36,422 - INFO - Starting color results...
2024-12-21 09:24:36,460 - INFO - Creating color results visualizations...
2024-12-21 09:24:36,970 - INFO - Color results visualizations complete
2024-12-21 09:24:36,970 - INFO - Completed color results
2024-12-21 09:24:36,970 - INFO - Starting top 5 openings analysis...
2024-12-21 09:24:37,007 - INFO - Creating top 5 openings analysis...
2024-12-21 09:24:37,529 - INFO - Top 5 openings analysis complete
2024-12-21 09:24:37,529 - INFO - Completed top 5 openings analysis
2024-12-21 09:24:37,529 - INFO - Starting overall results...
2024-12-21 09:24:37,568 - INFO - Creating overall results visualization...
2024-12-21 09:24:38,686 - INFO - Overall results visualization complete
2024-12-21 09:24:38,687 - INFO - Completed overall results
2024-12-21 09:24:38,687 - INFO - Starting starting squares as white...
2024-12-21 09:24:39,059 - INFO - Completed starting squares as white
2024-12-21 09:24:39,060 - INFO - Starting landing squares as white...
2024-12-21 09:24:39,425 - INFO - Completed landing squares as white
2024-12-21 09:24:39,425 - INFO - Starting starting squares as black...
2024-12-21 09:24:39,782 - INFO - Completed starting squares as black
2024-12-21 09:24:39,782 - INFO - Starting landing squares as black...
2024-12-21 09:24:40,136 - INFO - Completed landing squares as black
2024-12-21 09:24:40,136 - INFO - Starting combined heatmaps...
2024-12-21 09:24:40,174 - INFO - Creating combined heatmap visualizations...
2024-12-21 09:24:48,660 - INFO - Combined heatmap visualizations complete
2024-12-21 09:24:48,676 - INFO - Completed combined heatmaps
2024-12-21 09:24:48,676 - INFO - 
Visualization Summary:
2024-12-21 09:24:48,676 - INFO - Successfully completed: 14
2024-12-21 09:33:48,636 - INFO - ==================================================
2024-12-21 09:33:48,636 - INFO - Starting new visualization run
2024-12-21 09:33:49,729 - INFO - Starting game analysis for user: sudesh2911
2024-12-21 09:33:49,878 - INFO - Loading data for sudesh2911
2024-12-21 09:33:49,882 - INFO - Loaded 16 games
2024-12-21 09:33:49,882 - INFO - Processing data...
2024-12-21 09:33:49,882 - INFO - Starting fight analysis...
2024-12-21 09:33:49,921 - INFO - Starting game length analysis...
2024-12-21 09:33:50,415 - INFO - Game length analysis visualization complete
2024-12-21 09:33:50,415 - INFO - Completed fight analysis
2024-12-21 09:33:50,415 - INFO - Starting white opening analysis...
2024-12-21 09:33:51,318 - INFO - Completed white opening analysis
2024-12-21 09:33:51,318 - INFO - Starting black opening analysis...
2024-12-21 09:33:52,257 - INFO - Completed black opening analysis
2024-12-21 09:33:52,258 - INFO - Starting top 3 first moves...
2024-12-21 09:33:52,292 - INFO - Creating top 3 first moves visualization...
2024-12-21 09:33:52,649 - INFO - Top 3 first moves visualization complete
2024-12-21 09:33:52,650 - INFO - Completed top 3 first moves
2024-12-21 09:33:52,650 - INFO - Starting rating progress...
2024-12-21 09:33:52,683 - INFO - Creating rating ladder visualization...
2024-12-21 09:33:53,104 - INFO - Rating ladder visualization complete
2024-12-21 09:33:53,104 - INFO - Completed rating progress
2024-12-21 09:33:53,104 - INFO - Starting time control distribution...
2024-12-21 09:33:53,140 - INFO - Creating time control distribution...
2024-12-21 09:33:53,471 - INFO - Time control visualization complete
2024-12-21 09:33:53,471 - INFO - Completed time control distribution
2024-12-21 09:33:53,471 - INFO - Starting color results...
2024-12-21 09:33:53,506 - INFO - Creating color results visualizations...
2024-12-21 09:33:54,001 - INFO - Color results visualizations complete
2024-12-21 09:33:54,002 - INFO - Completed color results
2024-12-21 09:33:54,002 - INFO - Starting top 5 openings analysis...
2024-12-21 09:33:54,039 - INFO - Creating top 5 openings analysis...
2024-12-21 09:33:54,561 - INFO - Top 5 openings analysis complete
2024-12-21 09:33:54,561 - INFO - Completed top 5 openings analysis
2024-12-21 09:33:54,561 - INFO - Starting overall results...
2024-12-21 09:33:54,599 - INFO - Creating overall results visualization...
2024-12-21 09:33:55,261 - INFO - Overall results visualization complete
2024-12-21 09:33:55,261 - INFO - Completed overall results
2024-12-21 09:33:55,261 - INFO - Starting starting squares as white...
2024-12-21 09:33:55,634 - INFO - Completed starting squares as white
2024-12-21 09:33:55,634 - INFO - Starting landing squares as white...
2024-12-21 09:33:55,994 - INFO - Completed landing squares as white
2024-12-21 09:33:55,994 - INFO - Starting starting squares as black...
2024-12-21 09:33:56,362 - INFO - Completed starting squares as black
2024-12-21 09:33:56,362 - INFO - Starting landing squares as black...
2024-12-21 09:33:56,753 - INFO - Completed landing squares as black
2024-12-21 09:33:56,753 - INFO - Starting combined heatmaps...
2024-12-21 09:33:56,792 - INFO - Creating combined heatmap visualizations...
2024-12-21 09:34:05,151 - INFO - Combined heatmap visualizations complete
2024-12-21 09:34:05,168 - INFO - Completed combined heatmaps
2024-12-21 09:34:05,168 - INFO - 
Visualization Summary:
2024-12-21 09:34:05,168 - INFO - Successfully completed: 14
2024-12-21 09:36:05,557 - INFO - ==================================================
2024-12-21 09:36:05,557 - INFO - Starting new visualization run
2024-12-21 09:36:06,720 - INFO - Starting game analysis for user: sudesh2911
2024-12-21 09:36:06,864 - INFO - Loading data for sudesh2911
2024-12-21 09:36:06,867 - INFO - Loaded 16 games
2024-12-21 09:36:06,867 - INFO - Processing data...
2024-12-21 09:36:06,868 - INFO - Starting fight analysis...
2024-12-21 09:36:06,908 - INFO - Starting game length analysis...
2024-12-21 09:36:07,438 - INFO - Game length analysis visualization complete
2024-12-21 09:36:07,438 - INFO - Completed fight analysis
2024-12-21 09:36:07,438 - INFO - Starting white opening analysis...
2024-12-21 09:36:08,328 - INFO - Completed white opening analysis
2024-12-21 09:36:08,328 - INFO - Starting black opening analysis...
2024-12-21 09:36:09,310 - INFO - Completed black opening analysis
2024-12-21 09:36:09,310 - INFO - Starting top 3 first moves...
2024-12-21 09:36:09,346 - INFO - Creating top 3 first moves visualization...
2024-12-21 09:36:09,700 - INFO - Top 3 first moves visualization complete
2024-12-21 09:36:09,700 - INFO - Completed top 3 first moves
2024-12-21 09:36:09,700 - INFO - Starting rating progress...
2024-12-21 09:36:09,735 - INFO - Creating rating ladder visualization...
2024-12-21 09:36:10,154 - INFO - Rating ladder visualization complete
2024-12-21 09:36:10,154 - INFO - Completed rating progress
2024-12-21 09:36:10,154 - INFO - Starting time control distribution...
2024-12-21 09:36:10,190 - INFO - Creating time control distribution...
2024-12-21 09:36:10,517 - INFO - Time control visualization complete
2024-12-21 09:36:10,517 - INFO - Completed time control distribution
2024-12-21 09:36:10,517 - INFO - Starting color results...
2024-12-21 09:36:10,554 - INFO - Creating color results visualizations...
2024-12-21 09:36:11,061 - INFO - Color results visualizations complete
2024-12-21 09:36:11,061 - INFO - Completed color results
2024-12-21 09:36:11,061 - INFO - Starting top 5 openings analysis...
2024-12-21 09:36:11,098 - INFO - Creating top 5 openings analysis...
2024-12-21 09:36:11,630 - INFO - Top 5 openings analysis complete
2024-12-21 09:36:11,630 - INFO - Completed top 5 openings analysis
2024-12-21 09:36:11,630 - INFO - Starting overall results...
2024-12-21 09:36:11,671 - INFO - Creating overall results visualization...
2024-12-21 09:36:12,336 - INFO - Overall results visualization complete
2024-12-21 09:36:12,337 - INFO - Completed overall results
2024-12-21 09:36:12,337 - INFO - Starting starting squares as white...
2024-12-21 09:36:12,704 - INFO - Completed starting squares as white
2024-12-21 09:36:12,704 - INFO - Starting landing squares as white...
2024-12-21 09:36:13,074 - INFO - Completed landing squares as white
2024-12-21 09:36:13,074 - INFO - Starting starting squares as black...
2024-12-21 09:36:13,507 - INFO - Completed starting squares as black
2024-12-21 09:36:13,508 - INFO - Starting landing squares as black...
2024-12-21 09:36:13,562 - ERROR - Error in landing squares as black: 'a6'
2024-12-21 09:36:13,562 - ERROR - Error type: KeyError
2024-12-21 09:36:13,563 - ERROR - Traceback: Traceback (most recent call last):
  File "D:\Workspaces\Chess\Statistical-Analysis-of-a-Chess-Player-using-Data-Science-Pipeline\unt.py", line 1043, in driver_fn
    viz_func(df, username)
  File "D:\Workspaces\Chess\Statistical-Analysis-of-a-Chess-Player-using-Data-Science-Pipeline\unt.py", line 898, in bl_heatmap_end
    a = di["a6"]  # Use ranks 6 and 5 for typical black pawn moves
        ~~^^^^^^
KeyError: 'a6'

2024-12-21 09:36:13,563 - INFO - Starting combined heatmaps...
2024-12-21 09:36:13,598 - INFO - Creating combined heatmap visualizations...
2024-12-21 09:36:14,675 - ERROR - Error in combined heatmaps: 'a6'
2024-12-21 09:36:14,676 - ERROR - Error in combined heatmaps: 'a6'
2024-12-21 09:36:14,676 - ERROR - Error type: KeyError
2024-12-21 09:36:14,676 - ERROR - Traceback: Traceback (most recent call last):
  File "D:\Workspaces\Chess\Statistical-Analysis-of-a-Chess-Player-using-Data-Science-Pipeline\unt.py", line 1043, in driver_fn
    viz_func(df, username)
  File "D:\Workspaces\Chess\Statistical-Analysis-of-a-Chess-Player-using-Data-Science-Pipeline\unt.py", line 932, in create_combined_heatmaps
    bl_heatmap_end(df, username)
  File "D:\Workspaces\Chess\Statistical-Analysis-of-a-Chess-Player-using-Data-Science-Pipeline\unt.py", line 898, in bl_heatmap_end
    a = di["a6"]  # Use ranks 6 and 5 for typical black pawn moves
        ~~^^^^^^
KeyError: 'a6'

2024-12-21 09:36:14,676 - INFO - 
Visualization Summary:
2024-12-21 09:36:14,676 - INFO - Successfully completed: 12
2024-12-21 09:36:14,684 - INFO - 
Failed visualizations: 2
2024-12-21 09:36:42,499 - INFO - ==================================================
2024-12-21 09:36:42,499 - INFO - Starting new visualization run
2024-12-21 09:36:43,730 - INFO - Starting game analysis for user: sudesh2911
2024-12-21 09:36:43,897 - INFO - Loading data for sudesh2911
2024-12-21 09:36:43,903 - INFO - Loaded 16 games
2024-12-21 09:36:43,903 - INFO - Processing data...
2024-12-21 09:36:43,904 - INFO - Starting fight analysis...
2024-12-21 09:36:43,955 - INFO - Starting game length analysis...
2024-12-21 09:36:44,474 - INFO - Game length analysis visualization complete
2024-12-21 09:36:44,474 - INFO - Completed fight analysis
2024-12-21 09:36:44,474 - INFO - Starting white opening analysis...
2024-12-21 09:36:45,380 - INFO - Completed white opening analysis
2024-12-21 09:36:45,380 - INFO - Starting black opening analysis...
2024-12-21 09:36:46,375 - INFO - Completed black opening analysis
2024-12-21 09:36:46,375 - INFO - Starting top 3 first moves...
2024-12-21 09:36:46,410 - INFO - Creating top 3 first moves visualization...
2024-12-21 09:36:46,770 - INFO - Top 3 first moves visualization complete
2024-12-21 09:36:46,770 - INFO - Completed top 3 first moves
2024-12-21 09:36:46,770 - INFO - Starting rating progress...
2024-12-21 09:36:46,803 - INFO - Creating rating ladder visualization...
2024-12-21 09:36:47,223 - INFO - Rating ladder visualization complete
2024-12-21 09:36:47,224 - INFO - Completed rating progress
2024-12-21 09:36:47,224 - INFO - Starting time control distribution...
2024-12-21 09:36:47,259 - INFO - Creating time control distribution...
2024-12-21 09:36:47,591 - INFO - Time control visualization complete
2024-12-21 09:36:47,591 - INFO - Completed time control distribution
2024-12-21 09:36:47,591 - INFO - Starting color results...
2024-12-21 09:36:47,631 - INFO - Creating color results visualizations...
2024-12-21 09:36:48,136 - INFO - Color results visualizations complete
2024-12-21 09:36:48,136 - INFO - Completed color results
2024-12-21 09:36:48,136 - INFO - Starting top 5 openings analysis...
2024-12-21 09:36:48,172 - INFO - Creating top 5 openings analysis...
2024-12-21 09:36:48,702 - INFO - Top 5 openings analysis complete
2024-12-21 09:36:48,702 - INFO - Completed top 5 openings analysis
2024-12-21 09:36:48,702 - INFO - Starting overall results...
2024-12-21 09:36:48,741 - INFO - Creating overall results visualization...
2024-12-21 09:36:49,400 - INFO - Overall results visualization complete
2024-12-21 09:36:49,400 - INFO - Completed overall results
2024-12-21 09:36:49,400 - INFO - Starting starting squares as white...
2024-12-21 09:36:49,771 - INFO - Completed starting squares as white
2024-12-21 09:36:49,771 - INFO - Starting landing squares as white...
2024-12-21 09:36:50,136 - INFO - Completed landing squares as white
2024-12-21 09:36:50,136 - INFO - Starting starting squares as black...
2024-12-21 09:36:50,530 - INFO - Completed starting squares as black
2024-12-21 09:36:50,530 - INFO - Starting landing squares as black...
2024-12-21 09:36:50,583 - ERROR - Error in landing squares as black: 'a6'
2024-12-21 09:36:50,583 - ERROR - Error type: KeyError
2024-12-21 09:36:50,584 - ERROR - Traceback: Traceback (most recent call last):
  File "D:\Workspaces\Chess\Statistical-Analysis-of-a-Chess-Player-using-Data-Science-Pipeline\unt.py", line 1043, in driver_fn
    viz_func(df, username)
  File "D:\Workspaces\Chess\Statistical-Analysis-of-a-Chess-Player-using-Data-Science-Pipeline\unt.py", line 898, in bl_heatmap_end
    a = di["a6"]  # Use ranks 6 and 5 for typical black pawn moves
        ~~^^^^^^
KeyError: 'a6'

2024-12-21 09:36:50,584 - INFO - Starting combined heatmaps...
2024-12-21 09:36:50,622 - INFO - Creating combined heatmap visualizations...
2024-12-21 09:36:51,642 - ERROR - Error in combined heatmaps: 'a6'
2024-12-21 09:36:51,642 - ERROR - Error in combined heatmaps: 'a6'
2024-12-21 09:36:51,642 - ERROR - Error type: KeyError
2024-12-21 09:36:51,642 - ERROR - Traceback: Traceback (most recent call last):
  File "D:\Workspaces\Chess\Statistical-Analysis-of-a-Chess-Player-using-Data-Science-Pipeline\unt.py", line 1043, in driver_fn
    viz_func(df, username)
  File "D:\Workspaces\Chess\Statistical-Analysis-of-a-Chess-Player-using-Data-Science-Pipeline\unt.py", line 932, in create_combined_heatmaps
    bl_heatmap_end(df, username)
  File "D:\Workspaces\Chess\Statistical-Analysis-of-a-Chess-Player-using-Data-Science-Pipeline\unt.py", line 898, in bl_heatmap_end
    a = di["a6"]  # Use ranks 6 and 5 for typical black pawn moves
        ~~^^^^^^
KeyError: 'a6'

2024-12-21 09:36:51,642 - INFO - 
Visualization Summary:
2024-12-21 09:36:51,642 - INFO - Successfully completed: 12
2024-12-21 09:36:51,650 - INFO - 
Failed visualizations: 2
2024-12-21 09:38:09,404 - INFO - ==================================================
2024-12-21 09:38:09,404 - INFO - Starting new visualization run
2024-12-21 09:38:10,555 - INFO - Starting game analysis for user: sudesh2911
2024-12-21 09:38:10,711 - INFO - Loading data for sudesh2911
2024-12-21 09:38:10,714 - INFO - Loaded 16 games
2024-12-21 09:38:10,714 - INFO - Processing data...
2024-12-21 09:38:10,715 - INFO - Starting fight analysis...
2024-12-21 09:38:10,753 - INFO - Starting game length analysis...
2024-12-21 09:38:11,263 - INFO - Game length analysis visualization complete
2024-12-21 09:38:11,263 - INFO - Completed fight analysis
2024-12-21 09:38:11,263 - INFO - Starting white opening analysis...
2024-12-21 09:38:12,162 - INFO - Completed white opening analysis
2024-12-21 09:38:12,162 - INFO - Starting black opening analysis...
2024-12-21 09:38:13,145 - INFO - Completed black opening analysis
2024-12-21 09:38:13,146 - INFO - Starting top 3 first moves...
2024-12-21 09:38:13,180 - INFO - Creating top 3 first moves visualization...
2024-12-21 09:38:14,733 - INFO - Top 3 first moves visualization complete
2024-12-21 09:38:14,733 - INFO - Completed top 3 first moves
2024-12-21 09:38:14,733 - INFO - Starting rating progress...
2024-12-21 09:38:14,768 - INFO - Creating rating ladder visualization...
2024-12-21 09:38:15,186 - INFO - Rating ladder visualization complete
2024-12-21 09:38:15,186 - INFO - Completed rating progress
2024-12-21 09:38:15,186 - INFO - Starting time control distribution...
2024-12-21 09:38:15,221 - INFO - Creating time control distribution...
2024-12-21 09:38:15,549 - INFO - Time control visualization complete
2024-12-21 09:38:15,549 - INFO - Completed time control distribution
2024-12-21 09:38:15,549 - INFO - Starting color results...
2024-12-21 09:38:15,585 - INFO - Creating color results visualizations...
2024-12-21 09:38:16,742 - INFO - Color results visualizations complete
2024-12-21 09:38:16,742 - INFO - Completed color results
2024-12-21 09:38:16,742 - INFO - Starting top 5 openings analysis...
2024-12-21 09:38:16,779 - INFO - Creating top 5 openings analysis...
2024-12-21 09:38:17,299 - INFO - Top 5 openings analysis complete
2024-12-21 09:38:17,299 - INFO - Completed top 5 openings analysis
2024-12-21 09:38:17,299 - INFO - Starting overall results...
2024-12-21 09:38:17,337 - INFO - Creating overall results visualization...
2024-12-21 09:38:17,998 - INFO - Overall results visualization complete
2024-12-21 09:38:17,998 - INFO - Completed overall results
2024-12-21 09:38:17,999 - INFO - Starting starting squares as white...
2024-12-21 09:38:18,362 - INFO - Completed starting squares as white
2024-12-21 09:38:18,362 - INFO - Starting landing squares as white...
2024-12-21 09:38:18,733 - INFO - Completed landing squares as white
2024-12-21 09:38:18,733 - INFO - Starting starting squares as black...
2024-12-21 09:38:19,122 - INFO - Completed starting squares as black
2024-12-21 09:38:19,123 - INFO - Starting landing squares as black...
2024-12-21 09:38:19,497 - INFO - Completed landing squares as black
2024-12-21 09:38:19,497 - INFO - Starting combined heatmaps...
2024-12-21 09:38:19,535 - INFO - Creating combined heatmap visualizations...
2024-12-21 09:38:27,667 - INFO - Combined heatmap visualizations complete
2024-12-21 09:38:27,683 - INFO - Completed combined heatmaps
2024-12-21 09:38:27,683 - INFO - 
Visualization Summary:
2024-12-21 09:38:27,683 - INFO - Successfully completed: 14
2024-12-21 09:39:51,145 - INFO - ==================================================
2024-12-21 09:39:51,145 - INFO - Starting new visualization run
2024-12-21 09:39:52,321 - INFO - Starting game analysis for user: sudesh2911
2024-12-21 09:39:52,468 - INFO - Loading data for sudesh2911
2024-12-21 09:39:52,471 - INFO - Loaded 16 games
2024-12-21 09:39:52,471 - INFO - Processing data...
2024-12-21 09:39:52,471 - INFO - Starting fight analysis...
2024-12-21 09:39:52,511 - INFO - Starting game length analysis...
2024-12-21 09:39:53,015 - INFO - Game length analysis visualization complete
2024-12-21 09:39:53,015 - INFO - Completed fight analysis
2024-12-21 09:39:53,015 - INFO - Starting white opening analysis...
2024-12-21 09:39:53,915 - INFO - Completed white opening analysis
2024-12-21 09:39:53,915 - INFO - Starting black opening analysis...
2024-12-21 09:39:54,868 - INFO - Completed black opening analysis
2024-12-21 09:39:54,868 - INFO - Starting top 3 first moves...
2024-12-21 09:39:54,904 - INFO - Creating top 3 first moves visualization...
2024-12-21 09:39:55,862 - INFO - Top 3 first moves visualization complete
2024-12-21 09:39:55,862 - INFO - Completed top 3 first moves
2024-12-21 09:39:55,862 - INFO - Starting rating progress...
2024-12-21 09:39:55,897 - INFO - Creating rating ladder visualization...
2024-12-21 09:39:56,314 - INFO - Rating ladder visualization complete
2024-12-21 09:39:56,314 - INFO - Completed rating progress
2024-12-21 09:39:56,314 - INFO - Starting time control distribution...
2024-12-21 09:39:56,349 - INFO - Creating time control distribution...
2024-12-21 09:39:56,673 - INFO - Time control visualization complete
2024-12-21 09:39:56,673 - INFO - Completed time control distribution
2024-12-21 09:39:56,673 - INFO - Starting color results...
2024-12-21 09:39:56,709 - INFO - Creating color results visualizations...
2024-12-21 09:39:57,207 - INFO - Color results visualizations complete
2024-12-21 09:39:57,207 - INFO - Completed color results
2024-12-21 09:39:57,207 - INFO - Starting top 5 openings analysis...
2024-12-21 09:39:57,251 - INFO - Creating top 5 openings analysis...
2024-12-21 09:39:57,815 - INFO - Top 5 openings analysis complete
2024-12-21 09:39:57,815 - INFO - Completed top 5 openings analysis
2024-12-21 09:39:57,815 - INFO - Starting overall results...
2024-12-21 09:39:57,856 - INFO - Creating overall results visualization...
2024-12-21 09:39:58,550 - INFO - Overall results visualization complete
2024-12-21 09:39:58,550 - INFO - Completed overall results
2024-12-21 09:39:58,550 - INFO - Starting starting squares as white...
2024-12-21 09:39:58,923 - INFO - Completed starting squares as white
2024-12-21 09:39:58,923 - INFO - Starting landing squares as white...
2024-12-21 09:39:59,288 - INFO - Completed landing squares as white
2024-12-21 09:39:59,289 - INFO - Starting starting squares as black...
2024-12-21 09:39:59,665 - INFO - Completed starting squares as black
2024-12-21 09:39:59,665 - INFO - Starting landing squares as black...
2024-12-21 09:40:00,033 - INFO - Completed landing squares as black
2024-12-21 09:40:00,033 - INFO - Starting combined heatmaps...
2024-12-21 09:40:00,070 - INFO - Creating combined heatmap visualizations...
2024-12-21 09:40:08,100 - INFO - Combined heatmap visualizations complete
2024-12-21 09:40:08,117 - INFO - Completed combined heatmaps
2024-12-21 09:40:08,117 - INFO - 
Visualization Summary:
2024-12-21 09:40:08,117 - INFO - Successfully completed: 14
2024-12-21 09:41:08,283 - INFO - ==================================================
2024-12-21 09:41:08,283 - INFO - Starting new visualization run
2024-12-21 09:41:09,468 - INFO - Starting game analysis for user: Fins0905
2024-12-21 09:41:09,622 - INFO - Loading data for Fins0905
2024-12-21 09:41:09,630 - INFO - Loaded 88 games
2024-12-21 09:41:09,630 - INFO - Processing data...
2024-12-21 09:41:09,631 - INFO - Starting fight analysis...
2024-12-21 09:41:09,668 - INFO - Starting game length analysis...
2024-12-21 09:41:10,201 - INFO - Game length analysis visualization complete
2024-12-21 09:41:10,202 - INFO - Completed fight analysis
2024-12-21 09:41:10,202 - INFO - Starting white opening analysis...
2024-12-21 09:41:11,595 - INFO - Completed white opening analysis
2024-12-21 09:41:11,595 - INFO - Starting black opening analysis...
2024-12-21 09:41:12,909 - INFO - Completed black opening analysis
2024-12-21 09:41:12,909 - INFO - Starting top 3 first moves...
2024-12-21 09:41:12,947 - INFO - Creating top 3 first moves visualization...
2024-12-21 09:41:13,303 - INFO - Top 3 first moves visualization complete
2024-12-21 09:41:13,303 - INFO - Completed top 3 first moves
2024-12-21 09:41:13,303 - INFO - Starting rating progress...
2024-12-21 09:41:13,338 - INFO - Creating rating ladder visualization...
2024-12-21 09:41:13,794 - INFO - Rating ladder visualization complete
2024-12-21 09:41:13,794 - INFO - Completed rating progress
2024-12-21 09:41:13,794 - INFO - Starting time control distribution...
2024-12-21 09:41:13,830 - INFO - Creating time control distribution...
2024-12-21 09:41:14,152 - INFO - Time control visualization complete
2024-12-21 09:41:14,152 - INFO - Completed time control distribution
2024-12-21 09:41:14,152 - INFO - Starting color results...
2024-12-21 09:41:14,190 - INFO - Creating color results visualizations...
2024-12-21 09:41:14,686 - INFO - Color results visualizations complete
2024-12-21 09:41:14,687 - INFO - Completed color results
2024-12-21 09:41:14,687 - INFO - Starting top 5 openings analysis...
2024-12-21 09:41:14,721 - INFO - Creating top 5 openings analysis...
2024-12-21 09:41:16,467 - INFO - Top 5 openings analysis complete
2024-12-21 09:41:16,467 - INFO - Completed top 5 openings analysis
2024-12-21 09:41:16,467 - INFO - Starting overall results...
2024-12-21 09:41:16,505 - INFO - Creating overall results visualization...
2024-12-21 09:41:17,188 - INFO - Overall results visualization complete
2024-12-21 09:41:17,188 - INFO - Completed overall results
2024-12-21 09:41:17,188 - INFO - Starting starting squares as white...
2024-12-21 09:41:17,547 - INFO - Completed starting squares as white
2024-12-21 09:41:17,547 - INFO - Starting landing squares as white...
2024-12-21 09:41:17,900 - INFO - Completed landing squares as white
2024-12-21 09:41:17,900 - INFO - Starting starting squares as black...
2024-12-21 09:41:18,377 - INFO - Completed starting squares as black
2024-12-21 09:41:18,378 - INFO - Starting landing squares as black...
2024-12-21 09:41:18,857 - INFO - Completed landing squares as black
2024-12-21 09:41:18,857 - INFO - Starting combined heatmaps...
2024-12-21 09:41:18,896 - INFO - Creating combined heatmap visualizations...
2024-12-21 09:41:27,262 - INFO - Combined heatmap visualizations complete
2024-12-21 09:41:27,281 - INFO - Completed combined heatmaps
2024-12-21 09:41:27,282 - INFO - 
Visualization Summary:
2024-12-21 09:41:27,282 - INFO - Successfully completed: 14
2024-12-21 09:44:52,799 - INFO - ==================================================
2024-12-21 09:44:52,799 - INFO - Starting new visualization run
2024-12-21 09:44:53,881 - INFO - Starting game analysis for user: Hikaru
2024-12-21 09:44:54,032 - INFO - Loading data for Hikaru
2024-12-21 09:44:54,220 - INFO - Loaded 7501 games
2024-12-21 09:44:54,220 - INFO - Processing data...
2024-12-21 09:44:54,221 - INFO - Starting fight analysis...
2024-12-21 09:44:54,263 - INFO - Starting game length analysis...
2024-12-21 09:44:54,762 - INFO - Game length analysis visualization complete
2024-12-21 09:44:54,762 - INFO - Completed fight analysis
2024-12-21 09:44:54,762 - INFO - Starting white opening analysis...
2024-12-21 09:44:56,030 - INFO - Completed white opening analysis
2024-12-21 09:44:56,030 - INFO - Starting black opening analysis...
2024-12-21 09:44:57,181 - INFO - Completed black opening analysis
2024-12-21 09:44:57,181 - INFO - Starting top 3 first moves...
2024-12-21 09:44:57,217 - INFO - Creating top 3 first moves visualization...
2024-12-21 09:44:57,604 - INFO - Top 3 first moves visualization complete
2024-12-21 09:44:57,605 - INFO - Completed top 3 first moves
2024-12-21 09:44:57,605 - INFO - Starting rating progress...
2024-12-21 09:44:57,644 - INFO - Creating rating ladder visualization...
2024-12-21 09:44:58,135 - INFO - Rating ladder visualization complete
2024-12-21 09:44:58,136 - INFO - Completed rating progress
2024-12-21 09:44:58,136 - INFO - Starting time control distribution...
2024-12-21 09:44:58,172 - INFO - Creating time control distribution...
2024-12-21 09:44:58,518 - INFO - Time control visualization complete
2024-12-21 09:44:58,518 - INFO - Completed time control distribution
2024-12-21 09:44:58,518 - INFO - Starting color results...
2024-12-21 09:44:58,558 - INFO - Creating color results visualizations...
2024-12-21 09:44:59,460 - INFO - Color results visualizations complete
2024-12-21 09:44:59,461 - INFO - Completed color results
2024-12-21 09:44:59,461 - INFO - Starting top 5 openings analysis...
2024-12-21 09:44:59,498 - INFO - Creating top 5 openings analysis...
2024-12-21 09:45:00,057 - INFO - Top 5 openings analysis complete
2024-12-21 09:45:00,058 - INFO - Completed top 5 openings analysis
2024-12-21 09:45:00,058 - INFO - Starting overall results...
2024-12-21 09:45:00,095 - INFO - Creating overall results visualization...
2024-12-21 09:45:00,788 - INFO - Overall results visualization complete
2024-12-21 09:45:00,788 - INFO - Completed overall results
2024-12-21 09:45:00,788 - INFO - Starting starting squares as white...
2024-12-21 09:45:01,633 - INFO - Completed starting squares as white
2024-12-21 09:45:01,633 - INFO - Starting landing squares as white...
2024-12-21 09:45:02,096 - INFO - Completed landing squares as white
2024-12-21 09:45:02,096 - INFO - Starting starting squares as black...
2024-12-21 09:45:10,974 - INFO - Completed starting squares as black
2024-12-21 09:45:10,974 - INFO - Starting landing squares as black...
2024-12-21 09:45:19,434 - INFO - Completed landing squares as black
2024-12-21 09:45:19,434 - INFO - Starting combined heatmaps...
2024-12-21 09:45:19,480 - INFO - Creating combined heatmap visualizations...
2024-12-21 09:45:44,188 - INFO - Combined heatmap visualizations complete
2024-12-21 09:45:44,205 - INFO - Completed combined heatmaps
2024-12-21 09:45:44,205 - INFO - 
Visualization Summary:
2024-12-21 09:45:44,205 - INFO - Successfully completed: 14
